<?xml version="1.0" encoding="UTF-8"?>
<!-- Generated by org.testng.reporters.JUnitReportReporter -->
<testsuite ignored="0" hostname="DESKTOP-QPU81PP" failures="0" tests="1" name="Inlink.AppiumBaseClass" time="13.015" errors="0" timestamp="27 Oct 2023 08:47:53 GMT" skipped="0">
  <testcase classname="Inlink.AppiumBaseClass" name="login" time="13.015"/>
</testsuite> <!-- Inlink.AppiumBaseClass -->
