<?xml version="1.0" encoding="UTF-8"?>
<!-- Generated by org.testng.reporters.JUnitReportReporter -->
<testsuite ignored="0" hostname="DESKTOP-QPU81PP" failures="0" tests="2" name="Inlink.CertificationViewcertificate" time="34.552" errors="0" timestamp="07 Jul 2023 12:12:48 GMT" skipped="0">
  <testcase classname="Inlink.CertificationViewcertificate" name="login" time="10.013"/>
  <testcase classname="Inlink.CertificationViewcertificate" name="viewCertificate" time="24.539"/>
</testsuite> <!-- Inlink.CertificationViewcertificate -->
