<?xml version="1.0" encoding="UTF-8"?>
<!-- Generated by org.testng.reporters.JUnitReportReporter -->
<testsuite ignored="0" hostname="DESKTOP-QPU81PP" failures="0" tests="2" name="Inlink.Collaboration_edit_delete" time="54.961" errors="0" timestamp="10 Jul 2023 08:55:41 GMT" skipped="0">
  <testcase classname="Inlink.Collaboration_edit_delete" name="login" time="10.012"/>
  <testcase classname="Inlink.Collaboration_edit_delete" name="collaborationEdit_Delete" time="44.949"/>
</testsuite> <!-- Inlink.Collaboration_edit_delete -->
