<?xml version="1.0" encoding="UTF-8"?>
<!-- Generated by org.testng.reporters.JUnitReportReporter -->
<testsuite ignored="0" hostname="DESKTOP-QPU81PP" failures="0" tests="2" name="Inlink.CollabReminder_edit_Del" time="45.370" errors="0" timestamp="10 Jul 2023 12:51:01 GMT" skipped="0">
  <testcase classname="Inlink.CollabReminder_edit_Del" name="login" time="10.017"/>
  <testcase classname="Inlink.CollabReminder_edit_Del" name="reminder_Edit_Del" time="35.353"/>
</testsuite> <!-- Inlink.CollabReminder_edit_Del -->
