<?xml version="1.0" encoding="UTF-8"?>
<!-- Generated by org.testng.reporters.JUnitReportReporter -->
<testsuite ignored="0" hostname="DESKTOP-QPU81PP" failures="0" tests="1" name="Inlink.SignUp" time="28.427" errors="0" timestamp="06 Jul 2023 12:08:01 GMT" skipped="0">
  <testcase classname="Inlink.SignUp" name="signUp" time="28.427"/>
</testsuite> <!-- Inlink.SignUp -->
