<?xml version="1.0" encoding="UTF-8"?>
<!-- Generated by org.testng.reporters.JUnitReportReporter -->
<testsuite ignored="0" hostname="DESKTOP-QPU81PP" failures="0" tests="1" name="INVC.AppiumBaseClass" time="23.016" errors="0" timestamp="28 Jun 2023 09:51:54 GMT" skipped="0">
  <testcase classname="INVC.AppiumBaseClass" name="login" time="23.016"/>
</testsuite> <!-- INVC.AppiumBaseClass -->
