<?xml version="1.0" encoding="UTF-8"?>
<!-- Generated by org.testng.reporters.JUnitReportReporter -->
<testsuite ignored="0" hostname="DESKTOP-QPU81PP" failures="0" tests="2" name="Inlink.LongPressBroadcast" time="126.846" errors="0" timestamp="06 Jul 2023 11:09:13 GMT" skipped="0">
  <testcase classname="Inlink.LongPressBroadcast" name="login" time="10.011"/>
  <testcase classname="Inlink.LongPressBroadcast" name="longPressBroadcast" time="116.835"/>
</testsuite> <!-- Inlink.LongPressBroadcast -->
