<?xml version="1.0" encoding="UTF-8"?>
<!-- Generated by org.testng.reporters.JUnitReportReporter -->
<testsuite ignored="0" hostname="DESKTOP-QPU81PP" failures="0" tests="2" name="Inlink.Certification_Search" time="51.639" errors="0" timestamp="07 Jul 2023 10:54:55 GMT" skipped="0">
  <testcase classname="Inlink.Certification_Search" name="login" time="10.019"/>
  <testcase classname="Inlink.Certification_Search" name="searchExam" time="41.620"/>
</testsuite> <!-- Inlink.Certification_Search -->
