<?xml version="1.0" encoding="UTF-8"?>
<!-- Generated by org.testng.reporters.JUnitReportReporter -->
<testsuite ignored="28" hostname="DESKTOP-QPU81PP" failures="0" tests="2" name="Inlink.PeopleGroupEmployees" time="0.007" errors="0" timestamp="26 Oct 2023 07:03:27 GMT" skipped="2">
  <testcase classname="Inlink.PeopleGroupEmployees" name="login" time="0.002">
    <skipped/>
  </testcase> <!-- login -->
  <testcase classname="Inlink.PeopleGroupEmployees" name="groupChatEmployees" time="0.005">
    <skipped/>
  </testcase> <!-- groupChatEmployees -->
  <testcase classname="Inlink.OpenApp" name="inlink">
    <skipped/>
  </testcase> <!-- inlink -->
  <testcase classname="Inlink.AppiumBaseClass" name="inlink">
    <skipped/>
  </testcase> <!-- inlink -->
  <testcase classname="Inlink.AppiumBaseClass" name="inlink">
    <skipped/>
  </testcase> <!-- inlink -->
  <testcase classname="Inlink.AppiumBaseClass" name="inlink">
    <skipped/>
  </testcase> <!-- inlink -->
  <testcase classname="Inlink.AppiumBaseClass" name="inlink">
    <skipped/>
  </testcase> <!-- inlink -->
  <testcase classname="Inlink.AppiumBaseClass" name="inlink">
    <skipped/>
  </testcase> <!-- inlink -->
  <testcase classname="Inlink.AppiumBaseClass" name="inlink">
    <skipped/>
  </testcase> <!-- inlink -->
  <testcase classname="Inlink.AppiumBaseClass" name="inlink">
    <skipped/>
  </testcase> <!-- inlink -->
  <testcase classname="Inlink.AppiumBaseClass" name="inlink">
    <skipped/>
  </testcase> <!-- inlink -->
  <testcase classname="Inlink.AppiumBaseClass" name="inlink">
    <skipped/>
  </testcase> <!-- inlink -->
  <testcase classname="Inlink.AppiumBaseClass" name="inlink">
    <skipped/>
  </testcase> <!-- inlink -->
  <testcase classname="Inlink.AppiumBaseClass" name="inlink">
    <skipped/>
  </testcase> <!-- inlink -->
  <testcase classname="Inlink.AppiumBaseClass" name="inlink">
    <skipped/>
  </testcase> <!-- inlink -->
  <testcase classname="Inlink.AppiumBaseClass" name="inlink">
    <skipped/>
  </testcase> <!-- inlink -->
  <testcase classname="Inlink.AppiumBaseClass" name="inlink">
    <skipped/>
  </testcase> <!-- inlink -->
  <testcase classname="Inlink.AppiumBaseClass" name="inlink">
    <skipped/>
  </testcase> <!-- inlink -->
  <testcase classname="Inlink.AppiumBaseClass" name="inlink">
    <skipped/>
  </testcase> <!-- inlink -->
  <testcase classname="Inlink.AppiumBaseClass" name="inlink">
    <skipped/>
  </testcase> <!-- inlink -->
  <testcase classname="Inlink.AppiumBaseClass" name="inlink">
    <skipped/>
  </testcase> <!-- inlink -->
  <testcase classname="Inlink.AppiumBaseClass" name="inlink">
    <skipped/>
  </testcase> <!-- inlink -->
  <testcase classname="Inlink.AppiumBaseClass" name="inlink">
    <skipped/>
  </testcase> <!-- inlink -->
  <testcase classname="Inlink.AppiumBaseClass" name="inlink">
    <skipped/>
  </testcase> <!-- inlink -->
  <testcase classname="Inlink.AppiumBaseClass" name="inlink">
    <skipped/>
  </testcase> <!-- inlink -->
  <testcase classname="Inlink.AppiumBaseClass" name="inlink">
    <skipped/>
  </testcase> <!-- inlink -->
  <testcase classname="Inlink.AppiumBaseClass" name="inlink">
    <skipped/>
  </testcase> <!-- inlink -->
  <testcase classname="Inlink.AppiumBaseClass" name="inlink">
    <skipped/>
  </testcase> <!-- inlink -->
  <testcase classname="Inlink.AppiumBaseClass" name="inlink">
    <skipped/>
  </testcase> <!-- inlink -->
  <testcase classname="Inlink.AppiumBaseClass" name="inlink">
    <skipped/>
  </testcase> <!-- inlink -->
</testsuite> <!-- Inlink.PeopleGroupEmployees -->
