<?xml version="1.0" encoding="UTF-8"?>
<!-- Generated by org.testng.reporters.JUnitReportReporter -->
<testsuite ignored="0" hostname="DESKTOP-QPU81PP" failures="0" tests="2" name="Inlink.CompanyProfile_Details" time="40.744" errors="0" timestamp="12 Jul 2023 11:13:21 GMT" skipped="0">
  <testcase classname="Inlink.CompanyProfile_Details" name="login" time="10.014"/>
  <testcase classname="Inlink.CompanyProfile_Details" name="companyProfileDetails" time="30.730"/>
</testsuite> <!-- Inlink.CompanyProfile_Details -->
