<?xml version="1.0" encoding="UTF-8"?>
<!-- Generated by org.testng.reporters.JUnitReportReporter -->
<testsuite ignored="0" hostname="DESKTOP-QPU81PP" failures="0" tests="2" name="Inlink.Networks" time="30.661" errors="0" timestamp="27 Oct 2023 13:09:11 GMT" skipped="0">
  <testcase classname="Inlink.Networks" name="networks" time="20.646"/>
  <testcase classname="Inlink.Networks" name="login" time="10.015"/>
</testsuite> <!-- Inlink.Networks -->
