<?xml version="1.0" encoding="UTF-8"?>
<!-- Generated by org.testng.reporters.JUnitReportReporter -->
<testsuite ignored="28" hostname="DESKTOP-QPU81PP" failures="0" tests="2" name="Inlink.Collab_Reminder" time="0.005" errors="0" timestamp="26 Oct 2023 07:03:27 GMT" skipped="2">
  <testcase classname="Inlink.Collab_Reminder" name="reminder" time="0.001">
    <skipped/>
  </testcase> <!-- reminder -->
  <testcase classname="Inlink.Collab_Reminder" name="login" time="0.004">
    <skipped/>
  </testcase> <!-- login -->
  <testcase classname="Inlink.OpenApp" name="inlink">
    <skipped/>
  </testcase> <!-- inlink -->
  <testcase classname="Inlink.AppiumBaseClass" name="inlink">
    <skipped/>
  </testcase> <!-- inlink -->
  <testcase classname="Inlink.AppiumBaseClass" name="inlink">
    <skipped/>
  </testcase> <!-- inlink -->
  <testcase classname="Inlink.AppiumBaseClass" name="inlink">
    <skipped/>
  </testcase> <!-- inlink -->
  <testcase classname="Inlink.AppiumBaseClass" name="inlink">
    <skipped/>
  </testcase> <!-- inlink -->
  <testcase classname="Inlink.AppiumBaseClass" name="inlink">
    <skipped/>
  </testcase> <!-- inlink -->
  <testcase classname="Inlink.AppiumBaseClass" name="inlink">
    <skipped/>
  </testcase> <!-- inlink -->
  <testcase classname="Inlink.AppiumBaseClass" name="inlink">
    <skipped/>
  </testcase> <!-- inlink -->
  <testcase classname="Inlink.AppiumBaseClass" name="inlink">
    <skipped/>
  </testcase> <!-- inlink -->
  <testcase classname="Inlink.AppiumBaseClass" name="inlink">
    <skipped/>
  </testcase> <!-- inlink -->
  <testcase classname="Inlink.AppiumBaseClass" name="inlink">
    <skipped/>
  </testcase> <!-- inlink -->
  <testcase classname="Inlink.AppiumBaseClass" name="inlink">
    <skipped/>
  </testcase> <!-- inlink -->
  <testcase classname="Inlink.AppiumBaseClass" name="inlink">
    <skipped/>
  </testcase> <!-- inlink -->
  <testcase classname="Inlink.AppiumBaseClass" name="inlink">
    <skipped/>
  </testcase> <!-- inlink -->
  <testcase classname="Inlink.AppiumBaseClass" name="inlink">
    <skipped/>
  </testcase> <!-- inlink -->
  <testcase classname="Inlink.AppiumBaseClass" name="inlink">
    <skipped/>
  </testcase> <!-- inlink -->
  <testcase classname="Inlink.AppiumBaseClass" name="inlink">
    <skipped/>
  </testcase> <!-- inlink -->
  <testcase classname="Inlink.AppiumBaseClass" name="inlink">
    <skipped/>
  </testcase> <!-- inlink -->
  <testcase classname="Inlink.AppiumBaseClass" name="inlink">
    <skipped/>
  </testcase> <!-- inlink -->
  <testcase classname="Inlink.AppiumBaseClass" name="inlink">
    <skipped/>
  </testcase> <!-- inlink -->
  <testcase classname="Inlink.AppiumBaseClass" name="inlink">
    <skipped/>
  </testcase> <!-- inlink -->
  <testcase classname="Inlink.AppiumBaseClass" name="inlink">
    <skipped/>
  </testcase> <!-- inlink -->
  <testcase classname="Inlink.AppiumBaseClass" name="inlink">
    <skipped/>
  </testcase> <!-- inlink -->
  <testcase classname="Inlink.AppiumBaseClass" name="inlink">
    <skipped/>
  </testcase> <!-- inlink -->
  <testcase classname="Inlink.AppiumBaseClass" name="inlink">
    <skipped/>
  </testcase> <!-- inlink -->
  <testcase classname="Inlink.AppiumBaseClass" name="inlink">
    <skipped/>
  </testcase> <!-- inlink -->
  <testcase classname="Inlink.AppiumBaseClass" name="inlink">
    <skipped/>
  </testcase> <!-- inlink -->
  <testcase classname="Inlink.AppiumBaseClass" name="inlink">
    <skipped/>
  </testcase> <!-- inlink -->
</testsuite> <!-- Inlink.Collab_Reminder -->
