<?xml version="1.0" encoding="UTF-8"?>
<!-- Generated by org.testng.reporters.JUnitReportReporter -->
<testsuite ignored="0" hostname="DESKTOP-QPU81PP" failures="0" tests="2" name="Inlink.LongPressFuctionality" time="142.569" errors="0" timestamp="06 Jul 2023 08:42:46 GMT" skipped="0">
  <testcase classname="Inlink.LongPressFuctionality" name="login" time="10.014"/>
  <testcase classname="Inlink.LongPressFuctionality" name="longPress" time="132.555"/>
</testsuite> <!-- Inlink.LongPressFuctionality -->
