<?xml version="1.0" encoding="UTF-8"?>
<!-- Generated by org.testng.reporters.JUnitReportReporter -->
<testsuite ignored="0" hostname="DESKTOP-QPU81PP" failures="0" tests="2" name="Inlink.Menu_NewsFeed" time="58.686" errors="0" timestamp="03 Jul 2023 05:19:49 GMT" skipped="0">
  <testcase classname="Inlink.Menu_NewsFeed" name="newsFeedMeny" time="45.125"/>
  <testcase classname="Inlink.Menu_NewsFeed" name="login" time="13.561"/>
</testsuite> <!-- Inlink.Menu_NewsFeed -->
