<?xml version="1.0" encoding="UTF-8"?>
<!-- Generated by org.testng.reporters.JUnitReportReporter -->
<testsuite ignored="0" hostname="DESKTOP-QPU81PP" failures="0" tests="2" name="Inlink.LongPressIndividual" time="126.855" errors="0" timestamp="06 Jul 2023 11:51:13 GMT" skipped="0">
  <testcase classname="Inlink.LongPressIndividual" name="login" time="10.009"/>
  <testcase classname="Inlink.LongPressIndividual" name="longPressIndividual" time="116.846"/>
</testsuite> <!-- Inlink.LongPressIndividual -->
