<?xml version="1.0" encoding="UTF-8"?>
<!-- Generated by org.testng.reporters.JUnitReportReporter -->
<testsuite ignored="0" hostname="DESKTOP-QPU81PP" failures="0" tests="1" name="Inlink.SignUp" time="41.798" errors="0" timestamp="26 Oct 2023 09:41:50 GMT" skipped="0">
  <testcase classname="Inlink.SignUp" name="signUp" time="41.798"/>
</testsuite> <!-- Inlink.SignUp -->
