<?xml version="1.0" encoding="UTF-8"?>
<!-- Generated by org.testng.reporters.JUnitReportReporter -->
<testsuite ignored="0" hostname="DESKTOP-QPU81PP" failures="0" tests="2" name="Inlink.PeopleIndividualCalls" time="187.654" errors="0" timestamp="04 Jul 2023 09:10:08 GMT" skipped="0">
  <testcase classname="Inlink.PeopleIndividualCalls" name="audioCall" time="174.695"/>
  <testcase classname="Inlink.PeopleIndividualCalls" name="login" time="12.959"/>
</testsuite> <!-- Inlink.PeopleIndividualCalls -->
