<?xml version="1.0" encoding="UTF-8"?>
<!-- Generated by org.testng.reporters.JUnitReportReporter -->
<testsuite ignored="0" hostname="DESKTOP-QPU81PP" failures="0" tests="2" name="Inlink.Certification" time="47.094" errors="0" timestamp="07 Jul 2023 08:17:47 GMT" skipped="0">
  <testcase classname="Inlink.Certification" name="login" time="10.008"/>
  <testcase classname="Inlink.Certification" name="certification" time="37.086"/>
</testsuite> <!-- Inlink.Certification -->
