<?xml version="1.0" encoding="UTF-8"?>
<!-- Generated by org.testng.reporters.JUnitReportReporter -->
<testsuite ignored="0" hostname="DESKTOP-QPU81PP" failures="0" tests="2" name="Inlink.RemHistory_Tab" time="25.719" errors="0" timestamp="10 Jul 2023 12:48:38 GMT" skipped="0">
  <testcase classname="Inlink.RemHistory_Tab" name="login" time="10.010"/>
  <testcase classname="Inlink.RemHistory_Tab" name="reminder_History" time="15.709"/>
</testsuite> <!-- Inlink.RemHistory_Tab -->
