<?xml version="1.0" encoding="UTF-8"?>
<!-- Generated by org.testng.reporters.JUnitReportReporter -->
<testsuite ignored="28" hostname="DESKTOP-QPU81PP" failures="0" tests="1" name="Inlink.LoginInvalid" time="0.002" errors="0" timestamp="26 Oct 2023 07:03:27 GMT" skipped="1">
  <testcase classname="Inlink.LoginInvalid" name="loginInvalidPassword" time="0.002">
    <skipped/>
  </testcase> <!-- loginInvalidPassword -->
  <testcase classname="Inlink.OpenApp" name="inlink">
    <skipped/>
  </testcase> <!-- inlink -->
  <testcase classname="Inlink.AppiumBaseClass" name="inlink">
    <skipped/>
  </testcase> <!-- inlink -->
  <testcase classname="Inlink.AppiumBaseClass" name="inlink">
    <skipped/>
  </testcase> <!-- inlink -->
  <testcase classname="Inlink.AppiumBaseClass" name="inlink">
    <skipped/>
  </testcase> <!-- inlink -->
  <testcase classname="Inlink.AppiumBaseClass" name="inlink">
    <skipped/>
  </testcase> <!-- inlink -->
  <testcase classname="Inlink.AppiumBaseClass" name="inlink">
    <skipped/>
  </testcase> <!-- inlink -->
  <testcase classname="Inlink.AppiumBaseClass" name="inlink">
    <skipped/>
  </testcase> <!-- inlink -->
  <testcase classname="Inlink.AppiumBaseClass" name="inlink">
    <skipped/>
  </testcase> <!-- inlink -->
  <testcase classname="Inlink.AppiumBaseClass" name="inlink">
    <skipped/>
  </testcase> <!-- inlink -->
  <testcase classname="Inlink.AppiumBaseClass" name="inlink">
    <skipped/>
  </testcase> <!-- inlink -->
  <testcase classname="Inlink.AppiumBaseClass" name="inlink">
    <skipped/>
  </testcase> <!-- inlink -->
  <testcase classname="Inlink.AppiumBaseClass" name="inlink">
    <skipped/>
  </testcase> <!-- inlink -->
  <testcase classname="Inlink.AppiumBaseClass" name="inlink">
    <skipped/>
  </testcase> <!-- inlink -->
  <testcase classname="Inlink.AppiumBaseClass" name="inlink">
    <skipped/>
  </testcase> <!-- inlink -->
  <testcase classname="Inlink.AppiumBaseClass" name="inlink">
    <skipped/>
  </testcase> <!-- inlink -->
  <testcase classname="Inlink.AppiumBaseClass" name="inlink">
    <skipped/>
  </testcase> <!-- inlink -->
  <testcase classname="Inlink.AppiumBaseClass" name="inlink">
    <skipped/>
  </testcase> <!-- inlink -->
  <testcase classname="Inlink.AppiumBaseClass" name="inlink">
    <skipped/>
  </testcase> <!-- inlink -->
  <testcase classname="Inlink.AppiumBaseClass" name="inlink">
    <skipped/>
  </testcase> <!-- inlink -->
  <testcase classname="Inlink.AppiumBaseClass" name="inlink">
    <skipped/>
  </testcase> <!-- inlink -->
  <testcase classname="Inlink.AppiumBaseClass" name="inlink">
    <skipped/>
  </testcase> <!-- inlink -->
  <testcase classname="Inlink.AppiumBaseClass" name="inlink">
    <skipped/>
  </testcase> <!-- inlink -->
  <testcase classname="Inlink.AppiumBaseClass" name="inlink">
    <skipped/>
  </testcase> <!-- inlink -->
  <testcase classname="Inlink.AppiumBaseClass" name="inlink">
    <skipped/>
  </testcase> <!-- inlink -->
  <testcase classname="Inlink.AppiumBaseClass" name="inlink">
    <skipped/>
  </testcase> <!-- inlink -->
  <testcase classname="Inlink.AppiumBaseClass" name="inlink">
    <skipped/>
  </testcase> <!-- inlink -->
  <testcase classname="Inlink.AppiumBaseClass" name="inlink">
    <skipped/>
  </testcase> <!-- inlink -->
  <testcase classname="Inlink.AppiumBaseClass" name="inlink">
    <skipped/>
  </testcase> <!-- inlink -->
</testsuite> <!-- Inlink.LoginInvalid -->
