<?xml version="1.0" encoding="UTF-8"?>
<!-- Generated by org.testng.reporters.JUnitReportReporter -->
<testsuite ignored="0" hostname="DESKTOP-QPU81PP" failures="0" tests="2" name="Inlink.Profile__MyProfile" time="43.077" errors="0" timestamp="11 Jul 2023 08:36:07 GMT" skipped="0">
  <testcase classname="Inlink.Profile__MyProfile" name="login" time="10.008"/>
  <testcase classname="Inlink.Profile__MyProfile" name="myProfile" time="33.069"/>
</testsuite> <!-- Inlink.Profile__MyProfile -->
