<?xml version="1.0" encoding="UTF-8"?>
<!-- Generated by org.testng.reporters.JUnitReportReporter -->
<testsuite ignored="0" hostname="DESKTOP-QPU81PP" failures="0" tests="2" name="Inlink.IndividualVideocall" time="323.946" errors="0" timestamp="04 Jul 2023 12:47:50 GMT" skipped="0">
  <testcase classname="Inlink.IndividualVideocall" name="videoCall" time="311.424"/>
  <testcase classname="Inlink.IndividualVideocall" name="login" time="12.522"/>
</testsuite> <!-- Inlink.IndividualVideocall -->
