<?xml version="1.0" encoding="UTF-8"?>
<!-- Generated by org.testng.reporters.JUnitReportReporter -->
<testsuite ignored="0" hostname="DESKTOP-QPU81PP" failures="0" tests="2" name="Inlink.Collaboration" time="22.325" errors="0" timestamp="10 Jul 2023 07:36:17 GMT" skipped="0">
  <testcase classname="Inlink.Collaboration" name="login" time="10.016"/>
  <testcase classname="Inlink.Collaboration" name="collaboration" time="12.309"/>
</testsuite> <!-- Inlink.Collaboration -->
