<?xml version="1.0" encoding="UTF-8"?>
<!-- Generated by org.testng.reporters.JUnitReportReporter -->
<testsuite ignored="0" hostname="DESKTOP-QPU81PP" failures="0" tests="2" name="Inlink.CompanyProfile" time="52.163" errors="0" timestamp="12 Jul 2023 06:05:54 GMT" skipped="0">
  <testcase classname="Inlink.CompanyProfile" name="companyProfile" time="38.702"/>
  <testcase classname="Inlink.CompanyProfile" name="login" time="13.461"/>
</testsuite> <!-- Inlink.CompanyProfile -->
