<?xml version="1.0" encoding="UTF-8"?>
<!-- Generated by org.testng.reporters.JUnitReportReporter -->
<testsuite ignored="0" hostname="DESKTOP-QPU81PP" failures="0" tests="2" name="Inlink.PeopleBroadcast" time="45.624" errors="0" timestamp="06 Jul 2023 10:12:18 GMT" skipped="0">
  <testcase classname="Inlink.PeopleBroadcast" name="login" time="10.027"/>
  <testcase classname="Inlink.PeopleBroadcast" name="broadCast" time="35.597"/>
</testsuite> <!-- Inlink.PeopleBroadcast -->
