<?xml version="1.0" encoding="UTF-8"?>
<!-- Generated by org.testng.reporters.JUnitReportReporter -->
<testsuite ignored="0" hostname="DESKTOP-QPU81PP" failures="0" tests="2" name="Inlink.MyProfile_Details" time="25.945" errors="0" timestamp="11 Jul 2023 12:44:49 GMT" skipped="0">
  <testcase classname="Inlink.MyProfile_Details" name="login" time="10.014"/>
  <testcase classname="Inlink.MyProfile_Details" name="myProfileDetails" time="15.931"/>
</testsuite> <!-- Inlink.MyProfile_Details -->
