<?xml version="1.0" encoding="UTF-8"?>
<!-- Generated by org.testng.reporters.JUnitReportReporter -->
<testsuite ignored="0" hostname="DESKTOP-QPU81PP" failures="0" tests="2" name="Inlink.ReAttemptCertificate" time="45.124" errors="0" timestamp="07 Jul 2023 12:05:20 GMT" skipped="0">
  <testcase classname="Inlink.ReAttemptCertificate" name="login" time="10.016"/>
  <testcase classname="Inlink.ReAttemptCertificate" name="reattempt" time="35.108"/>
</testsuite> <!-- Inlink.ReAttemptCertificate -->
