<?xml version="1.0" encoding="UTF-8"?>
<!-- Generated by org.testng.reporters.JUnitReportReporter -->
<testsuite ignored="0" hostname="DESKTOP-QPU81PP" failures="0" tests="2" name="Inlink.LongPressGroup" time="147.216" errors="0" timestamp="06 Jul 2023 11:13:10 GMT" skipped="0">
  <testcase classname="Inlink.LongPressGroup" name="login" time="10.018"/>
  <testcase classname="Inlink.LongPressGroup" name="longPress" time="137.198"/>
</testsuite> <!-- Inlink.LongPressGroup -->
