<?xml version="1.0" encoding="UTF-8"?>
<!-- Generated by org.testng.reporters.JUnitReportReporter -->
<testsuite ignored="0" hostname="DESKTOP-QPU81PP" failures="0" tests="1" name="Inlink.AppiumBaseClass" time="23.681" errors="0" timestamp="07 Jul 2023 05:15:12 GMT" skipped="0">
  <testcase classname="Inlink.AppiumBaseClass" name="login" time="23.681"/>
</testsuite> <!-- Inlink.AppiumBaseClass -->
