<?xml version="1.0" encoding="UTF-8"?>
<!-- Generated by org.testng.reporters.JUnitReportReporter -->
<testsuite ignored="0" hostname="DESKTOP-QPU81PP" failures="0" tests="2" name="Inlink.Networks" time="41.006" errors="0" timestamp="30 Oct 2023 07:25:22 GMT" skipped="0">
  <testcase classname="Inlink.Networks" name="networks" time="30.986"/>
  <testcase classname="Inlink.Networks" name="login" time="10.020"/>
</testsuite> <!-- Inlink.Networks -->
