<?xml version="1.0" encoding="UTF-8"?>
<!-- Generated by org.testng.reporters.JUnitReportReporter -->
<testsuite hostname="DESKTOP-QPU81PP" failures="0" tests="1" name="Test.Flip" time="7.416" errors="0" timestamp="2023-10-21T11:32:43 IST" skipped="0">
  <testcase classname="Test.Flip" name="flipOpen" time="7.416"/>
</testsuite> <!-- Test.Flip -->
