<?xml version="1.0" encoding="UTF-8"?>
<!-- Generated by org.testng.reporters.JUnitReportReporter -->
<testsuite hostname="DESKTOP-QPU81PP" failures="0" tests="1" name="Test.propertyData" time="12.939" errors="0" timestamp="2023-10-20T12:54:30 IST" skipped="0">
  <testcase classname="Test.propertyData" name="login" time="12.939"/>
</testsuite> <!-- Test.propertyData -->
