<?xml version="1.0" encoding="UTF-8"?>
<!-- Generated by org.testng.reporters.JUnitReportReporter -->
<testsuite hostname="DESKTOP-QPU81PP" failures="0" tests="1" name="Test.WindowOpen" time="12.097" errors="0" timestamp="2023-10-07T23:38:36 IST" skipped="0">
  <testcase classname="Test.WindowOpen" name="window" time="12.097"/>
</testsuite> <!-- Test.WindowOpen -->
