<?xml version="1.0" encoding="UTF-8"?>
<!-- Generated by org.testng.reporters.JUnitReportReporter -->
<testsuite hostname="DESKTOP-QPU81PP" failures="0" tests="1" name="Assignments.Assign3_2" time="10.508" errors="0" timestamp="2023-10-15T20:36:05 IST" skipped="0">
  <testcase classname="Assignments.Assign3_2" name="login" time="10.508"/>
</testsuite> <!-- Assignments.Assign3_2 -->
