<?xml version="1.0" encoding="UTF-8"?>
<!-- Generated by org.testng.reporters.JUnitReportReporter -->
<testsuite hostname="DESKTOP-QPU81PP" failures="0" tests="1" name="Assignments.Assign3" time="58.216" errors="0" timestamp="2023-10-15T19:45:59 IST" skipped="0">
  <testcase classname="Assignments.Assign3" name="login" time="58.216"/>
</testsuite> <!-- Assignments.Assign3 -->
