<?xml version="1.0" encoding="UTF-8"?>
<!-- Generated by org.testng.reporters.JUnitReportReporter -->
<testsuite hostname="DESKTOP-QPU81PP" failures="0" tests="1" name="assign_1.Assign2_4" time="4.232" errors="0" timestamp="2023-07-13T10:31:51 IST" skipped="0">
  <testcase classname="assign_1.Assign2_4" name="countryDropdown" time="4.232"/>
</testsuite> <!-- assign_1.Assign2_4 -->
