<?xml version="1.0" encoding="UTF-8"?>
<!-- Generated by org.testng.reporters.JUnitReportReporter -->
<testsuite hostname="DESKTOP-QPU81PP" failures="0" tests="1" name="Assignments.Assign2_2_1" time="10.238" errors="0" timestamp="2023-10-15T19:11:12 IST" skipped="0">
  <testcase classname="Assignments.Assign2_2_1" name="navigate" time="10.238"/>
</testsuite> <!-- Assignments.Assign2_2_1 -->
