<?xml version="1.0" encoding="UTF-8"?>
<!-- Generated by org.testng.reporters.JUnitReportReporter -->
<testsuite hostname="DESKTOP-QPU81PP" failures="0" tests="1" name="Assignments.Assign2_2_2" time="13.149" errors="0" timestamp="2023-10-15T19:40:12 IST" skipped="0">
  <testcase classname="Assignments.Assign2_2_2" name="countryDropdown" time="13.149"/>
</testsuite> <!-- Assignments.Assign2_2_2 -->
