<?xml version="1.0" encoding="UTF-8"?>
<!-- Generated by org.testng.reporters.JUnitReportReporter -->
<testsuite hostname="DESKTOP-QPU81PP" failures="0" tests="1" name="assign_1.Assign4_1" time="11.519" errors="0" timestamp="2023-10-08T22:03:29 IST" skipped="0">
  <testcase classname="assign_1.Assign4_1" name="excelFile" time="11.519"/>
</testsuite> <!-- assign_1.Assign4_1 -->
