<?xml version="1.0" encoding="UTF-8"?>
<!-- Generated by org.testng.reporters.JUnitReportReporter -->
<testsuite hostname="DESKTOP-QPU81PP" failures="0" tests="1" name="assign_1.Assign2_2_1" time="9.334" errors="0" timestamp="2023-07-12T22:32:39 IST" skipped="0">
  <testcase classname="assign_1.Assign2_2_1" name="navigate" time="9.334"/>
</testsuite> <!-- assign_1.Assign2_2_1 -->
