<?xml version="1.0" encoding="UTF-8"?>
<!-- Generated by org.testng.reporters.JUnitReportReporter -->
<testsuite hostname="DESKTOP-QPU81PP" failures="0" tests="1" name="assign_1.Assign2_2" time="10.120" errors="0" timestamp="2023-07-12T21:10:46 IST" skipped="0">
  <testcase classname="assign_1.Assign2_2" name="navigate" time="10.120"/>
</testsuite> <!-- assign_1.Assign2_2 -->
