<?xml version="1.0" encoding="UTF-8"?>
<!-- Generated by org.testng.reporters.JUnitReportReporter -->
<testsuite hostname="DESKTOP-QPU81PP" failures="0" tests="1" name="assign_1.Assign2_1" time="12.816" errors="0" timestamp="2023-07-09T22:36:41 IST" skipped="0">
  <testcase classname="assign_1.Assign2_1" name="option1" time="12.816"/>
</testsuite> <!-- assign_1.Assign2_1 -->
