<?xml version="1.0" encoding="UTF-8"?>
<!-- Generated by org.testng.reporters.JUnitReportReporter -->
<testsuite hostname="DESKTOP-QPU81PP" failures="0" tests="1" name="assign_1.Assign3" time="10.804" errors="0" timestamp="2023-08-29T18:42:30 IST" skipped="0">
  <testcase classname="assign_1.Assign3" name="login" time="10.804"/>
</testsuite> <!-- assign_1.Assign3 -->
