<?xml version="1.0" encoding="UTF-8"?>
<!-- Generated by org.testng.reporters.JUnitReportReporter -->
<testsuite hostname="DESKTOP-QPU81PP" failures="0" tests="1" name="assign_1.Assign3" time="9.240" errors="0" timestamp="2023-07-13T15:43:15 IST" skipped="0">
  <testcase classname="assign_1.Assign3" name="login" time="9.240"/>
</testsuite> <!-- assign_1.Assign3 -->
