<?xml version="1.0" encoding="UTF-8"?>
<!-- Generated by org.testng.reporters.JUnitReportReporter -->
<testsuite hostname="DESKTOP-QPU81PP" failures="0" tests="1" name="assign_1.one_2" time="3.070" errors="0" timestamp="2023-07-12T18:00:01 IST" skipped="0">
  <testcase classname="assign_1.one_2" name="faceBook" time="3.070"/>
</testsuite> <!-- assign_1.one_2 -->
