<?xml version="1.0" encoding="UTF-8"?>
<!-- Generated by org.testng.reporters.JUnitReportReporter -->
<testsuite hostname="DESKTOP-QPU81PP" failures="0" tests="1" name="Assignments.Assign2_2" time="10.524" errors="0" timestamp="2023-10-15T18:49:31 IST" skipped="0">
  <testcase classname="Assignments.Assign2_2" name="navigate" time="10.524"/>
</testsuite> <!-- Assignments.Assign2_2 -->
