<?xml version="1.0" encoding="UTF-8"?>
<!-- Generated by org.testng.reporters.JUnitReportReporter -->
<testsuite hostname="DESKTOP-QPU81PP" failures="0" tests="1" name="Assignments.Assign4_2" time="13.209" errors="0" timestamp="2023-10-13T17:47:47 IST" skipped="0">
  <testcase classname="Assignments.Assign4_2" name="excelFile" time="13.209"/>
</testsuite> <!-- Assignments.Assign4_2 -->
