<?xml version="1.0" encoding="UTF-8"?>
<!-- Generated by org.testng.reporters.JUnitReportReporter -->
<testsuite hostname="DESKTOP-QPU81PP" failures="0" tests="1" name="assign_1.one_5" time="13.180" errors="0" timestamp="2023-07-09T22:16:42 IST" skipped="0">
  <testcase classname="assign_1.one_5" name="navigate" time="13.180"/>
</testsuite> <!-- assign_1.one_5 -->
